<?xml version="1.0" encoding="UTF-8"?>
<testsuite xmlns:xsi="http://www.w3.org/2001/XMLSchema-instance" xsi:noNamespaceSchemaLocation="https://maven.apache.org/surefire/maven-surefire-plugin/xsd/surefire-test-report-3.0.xsd" version="3.0" name="org.movium.GreetingResourceTest" time="87.651" tests="1" errors="0" skipped="0" failures="0">
  <properties>
[...]
</properties>
  <testcase name="testHelloEndpoint" classname="org.movium.GreetingResourceTest" time="0.998">
    <system-out><![CDATA[2022-01-26 10:57:47,553 WARN  [org.tes.uti.TestcontainersConfiguration] (build-22) Attempted to read Testcontainers configuration file at file:/Users/wzore/.testcontainers.properties but the file was not found. Exception message: FileNotFoundException: /Users/wzore/.testcontainers.properties (No such file or directory)
2022-01-26 10:57:48,000 INFO  [org.tes.doc.DockerClientProviderStrategy] (build-22) Found Docker environment with local Unix socket (unix:///var/run/docker.sock)
2022-01-26 10:57:48,007 INFO  [org.tes.DockerClientFactory] (build-22) Docker host IP address is localhost
2022-01-26 10:57:48,051 INFO  [org.tes.DockerClientFactory] (build-22) Connected to docker: 
  Server Version: 20.10.12
  API Version: 1.41
  Operating System: Docker Desktop
  Total Memory: 1985 MB
2022-01-26 10:57:48,054 INFO  [org.tes.uti.ImageNameSubstitutor] (build-22) Image name substitution will be performed by: DefaultImageNameSubstitutor (composite of 'ConfigurationFileImageNameSubstitutor' and 'PrefixingImageNameSubstitutor')
2022-01-26 10:57:48,244 INFO  [org.tes.uti.RegistryAuthLocator] (build-22) Credential helper/store (docker-credential-desktop) does not have credentials for index.docker.io
2022-01-26 10:57:54,578 INFO  [org.tes.DockerClientFactory] (docker-java-stream--1007472360) Starting to pull image
2022-01-26 10:57:54,598 INFO  [org.tes.DockerClientFactory] (docker-java-stream--1007472360) Pulling image layers:  0 pending,  0 downloaded,  0 extracted, (0 bytes/0 bytes)
2022-01-26 10:57:57,841 INFO  [org.tes.DockerClientFactory] (docker-java-stream--1007472360) Pulling image layers:  2 pending,  1 downloaded,  0 extracted, (1 MB/? MB)
2022-01-26 10:57:57,931 INFO  [org.tes.DockerClientFactory] (docker-java-stream--1007472360) Pulling image layers:  1 pending,  2 downloaded,  0 extracted, (1 MB/? MB)
2022-01-26 10:57:58,563 INFO  [org.tes.DockerClientFactory] (docker-java-stream--1007472360) Pulling image layers:  1 pending,  2 downloaded,  1 extracted, (4 MB/? MB)
2022-01-26 10:57:58,679 INFO  [org.tes.DockerClientFactory] (docker-java-stream--1007472360) Pulling image layers:  1 pending,  2 downloaded,  2 extracted, (4 MB/? MB)
2022-01-26 10:57:58,844 INFO  [org.tes.DockerClientFactory] (docker-java-stream--1007472360) Pulling image layers:  1 pending,  2 downloaded,  3 extracted, (5 MB/? MB)
2022-01-26 10:57:58,854 INFO  [org.tes.DockerClientFactory] (docker-java-stream--1007472360) Pull complete. 3 layers, pulled in 4s (downloaded 5 MB at 1 MB/s)
2022-01-26 10:57:59,375 INFO  [org.tes.DockerClientFactory] (build-22) Ryuk started - will monitor and terminate Testcontainers containers on JVM exit
2022-01-26 10:57:59,375 INFO  [org.tes.DockerClientFactory] (build-22) Checking the system...
2022-01-26 10:57:59,376 INFO  [org.tes.DockerClientFactory] (build-22) ✔︎ Docker server version should be at least 1.6.0
2022-01-26 10:57:59,488 INFO  [org.tes.DockerClientFactory] (build-22) ✔︎ Docker environment should have more than 2GB free disk space
2022-01-26 10:57:59,517 INFO  [🐳 .io/.0.24]] (build-22) Pulling docker image: docker.io/mysql:8.0.24. Please be patient; this may take some time but only needs to be done once.
2022-01-26 10:57:59,563 INFO  [org.tes.uti.RegistryAuthLocator] (build-22) Credential helper/store (docker-credential-desktop) does not have credentials for docker.io
2022-01-26 10:58:06,771 INFO  [🐳 .io/.0.24]] (docker-java-stream-999822793) Starting to pull image
2022-01-26 10:58:06,772 INFO  [🐳 .io/.0.24]] (docker-java-stream-999822793) Pulling image layers:  0 pending,  0 downloaded,  0 extracted, (0 bytes/0 bytes)
2022-01-26 10:58:09,848 INFO  [🐳 .io/.0.24]] (docker-java-stream-999822793) Pulling image layers: 11 pending,  1 downloaded,  0 extracted, (3 MB/? MB)
2022-01-26 10:58:12,559 INFO  [🐳 .io/.0.24]] (docker-java-stream-999822793) Pulling image layers: 10 pending,  2 downloaded,  0 extracted, (21 MB/? MB)
2022-01-26 10:58:12,888 INFO  [🐳 .io/.0.24]] (docker-java-stream-999822793) Pulling image layers:  9 pending,  3 downloaded,  0 extracted, (23 MB/? MB)
2022-01-26 10:58:14,132 INFO  [🐳 .io/.0.24]] (docker-java-stream-999822793) Pulling image layers:  8 pending,  4 downloaded,  0 extracted, (30 MB/? MB)
2022-01-26 10:58:16,050 INFO  [🐳 .io/.0.24]] (docker-java-stream-999822793) Pulling image layers:  8 pending,  4 downloaded,  1 extracted, (36 MB/? MB)
2022-01-26 10:58:16,128 INFO  [🐳 .io/.0.24]] (docker-java-stream-999822793) Pulling image layers:  8 pending,  4 downloaded,  2 extracted, (37 MB/? MB)
2022-01-26 10:58:16,497 INFO  [🐳 .io/.0.24]] (docker-java-stream-999822793) Pulling image layers:  8 pending,  4 downloaded,  3 extracted, (39 MB/? MB)
2022-01-26 10:58:16,588 INFO  [🐳 .io/.0.24]] (docker-java-stream-999822793) Pulling image layers:  7 pending,  5 downloaded,  3 extracted, (40 MB/? MB)
2022-01-26 10:58:16,665 INFO  [🐳 .io/.0.24]] (docker-java-stream-999822793) Pulling image layers:  7 pending,  5 downloaded,  4 extracted, (40 MB/? MB)
2022-01-26 10:58:17,177 INFO  [🐳 .io/.0.24]] (docker-java-stream-999822793) Pulling image layers:  6 pending,  6 downloaded,  4 extracted, (43 MB/? MB)
2022-01-26 10:58:18,034 INFO  [🐳 .io/.0.24]] (docker-java-stream-999822793) Pulling image layers:  5 pending,  7 downloaded,  4 extracted, (43 MB/? MB)
2022-01-26 10:58:18,101 INFO  [🐳 .io/.0.24]] (docker-java-stream-999822793) Pulling image layers:  5 pending,  7 downloaded,  5 extracted, (43 MB/? MB)
2022-01-26 10:58:18,121 INFO  [🐳 .io/.0.24]] (docker-java-stream-999822793) Pulling image layers:  4 pending,  8 downloaded,  5 extracted, (43 MB/? MB)
2022-01-26 10:58:19,156 INFO  [🐳 .io/.0.24]] (docker-java-stream-999822793) Pulling image layers:  4 pending,  8 downloaded,  6 extracted, (45 MB/? MB)
2022-01-26 10:58:19,238 INFO  [🐳 .io/.0.24]] (docker-java-stream-999822793) Pulling image layers:  4 pending,  8 downloaded,  7 extracted, (45 MB/? MB)
2022-01-26 10:58:19,316 INFO  [🐳 .io/.0.24]] (docker-java-stream-999822793) Pulling image layers:  4 pending,  8 downloaded,  8 extracted, (45 MB/? MB)
2022-01-26 10:58:19,376 INFO  [🐳 .io/.0.24]] (docker-java-stream-999822793) Pulling image layers:  3 pending,  9 downloaded,  8 extracted, (46 MB/? MB)
2022-01-26 10:58:19,508 INFO  [🐳 .io/.0.24]] (docker-java-stream-999822793) Pulling image layers:  2 pending, 10 downloaded,  8 extracted, (47 MB/? MB)
2022-01-26 10:58:20,962 INFO  [🐳 .io/.0.24]] (docker-java-stream-999822793) Pulling image layers:  1 pending, 11 downloaded,  8 extracted, (56 MB/? MB)
2022-01-26 10:58:51,421 INFO  [🐳 .io/.0.24]] (docker-java-stream-999822793) Pulling image layers:  0 pending, 12 downloaded,  8 extracted, (154 MB/154 MB)
2022-01-26 10:58:56,870 INFO  [🐳 .io/.0.24]] (docker-java-stream-999822793) Pulling image layers:  0 pending, 12 downloaded,  9 extracted, (154 MB/154 MB)
2022-01-26 10:58:56,936 INFO  [🐳 .io/.0.24]] (docker-java-stream-999822793) Pulling image layers:  0 pending, 12 downloaded, 10 extracted, (154 MB/154 MB)
2022-01-26 10:58:56,996 INFO  [🐳 .io/.0.24]] (docker-java-stream-999822793) Pulling image layers:  0 pending, 12 downloaded, 11 extracted, (154 MB/154 MB)
2022-01-26 10:58:57,054 INFO  [🐳 .io/.0.24]] (docker-java-stream-999822793) Pulling image layers:  0 pending, 12 downloaded, 12 extracted, (154 MB/154 MB)
2022-01-26 10:58:57,065 INFO  [🐳 .io/.0.24]] (docker-java-stream-999822793) Pull complete. 12 layers, pulled in 50s (downloaded 154 MB at 3 MB/s)
2022-01-26 10:58:57,083 INFO  [🐳 .io/.0.24]] (build-22) Creating container for image: docker.io/mysql:8.0.24
2022-01-26 10:58:57,346 INFO  [🐳 .io/.0.24]] (build-22) Starting container with ID: 5fd169f7ae5f80ed2fe7dd10242857a81ebcc762dbfb98be9c797e804766f7a0
2022-01-26 10:58:57,646 INFO  [🐳 .io/.0.24]] (build-22) Container docker.io/mysql:8.0.24 is starting: 5fd169f7ae5f80ed2fe7dd10242857a81ebcc762dbfb98be9c797e804766f7a0
2022-01-26 10:58:57,662 INFO  [🐳 .io/.0.24]] (build-22) Waiting for database connection to become available at jdbc:mysql://localhost:50595/default using query 'SELECT 1'
2022-01-26 10:59:09,667 INFO  [🐳 .io/.0.24]] (build-22) Container is started (JDBC URL: jdbc:mysql://localhost:50595/default)
2022-01-26 10:59:09,668 INFO  [🐳 .io/.0.24]] (build-22) Container docker.io/mysql:8.0.24 started in PT1M10.162064S
2022-01-26 10:59:09,668 INFO  [io.qua.dev.mys.dep.MySQLDevServicesProcessor] (build-22) Dev Services for MySQL started.
2022-01-26 10:59:09,669 INFO  [io.qua.dat.dep.dev.DevServicesDatasourceProcessor] (build-22) Dev Services for the default datasource (mysql) started.
2022-01-26 10:59:11,331 INFO  [io.quarkus] (main) Quarkus 2.6.1.Final on JVM started in 84.723s. Listening on: http://localhost:8081
2022-01-26 10:59:11,331 INFO  [io.quarkus] (main) Profile test activated. 
2022-01-26 10:59:11,331 INFO  [io.quarkus] (main) Installed features: [agroal, cdi, hibernate-orm, jdbc-mysql, narayana-jta, resteasy, resteasy-jackson, smallrye-context-propagation, vertx]
]]></system-out>
  </testcase>
</testsuite>